<?xml version="1.0" encoding="utf-8"?><testsuites name="pytest tests"><testsuite name="pytest" errors="0" failures="0" skipped="0" tests="15" time="11.837" timestamp="2026-07-21T14:48:41.486679+00:00" hostname="agent-env-42d00ae7-d891-4cd2-a33d-56f53f73cd46"><testcase classname="tests.test_backend" name="test_root" time="0.446" /><testcase classname="tests.test_backend" name="test_create_access_valid" time="0.088" /><testcase classname="tests.test_backend" name="test_create_access_idempotent" time="0.207" /><testcase classname="tests.test_backend" name="test_create_access_invalid_email" time="0.062" /><testcase classname="tests.test_backend" name="test_list_access_includes_created" time="0.135" /><testcase classname="tests.test_backend" name="test_admin_login_wrong_password" time="0.068" /><testcase classname="tests.test_backend" name="test_admin_login_success" time="0.070" /><testcase classname="tests.test_backend" name="test_admin_leads_no_auth" time="0.065" /><testcase classname="tests.test_backend" name="test_admin_leads_bad_token" time="0.065" /><testcase classname="tests.test_backend" name="test_admin_leads_with_valid_token" time="0.220" /><testcase classname="tests.test_backend" name="test_chat_stream_empty_text" time="4.535" /><testcase classname="tests.test_backend" name="test_chat_summarise_empty_messages" time="0.059" /><testcase classname="tests.test_backend" name="test_chat_summarise_no_user_messages" time="0.060" /><testcase classname="tests.test_backend" name="test_chat_summarise_success" time="2.837" /><testcase classname="tests.test_backend" name="test_chat_stream_returns_sse_tokens" time="1.688" /></testsuite></testsuites>
